# JRE version: Java(TM) SE Runtime Environment (7.0_80-b15) (build 1.7.0_80-b15)
# Java VM: Java HotSpot(TM) 64-Bit Server VM (24.80-b11 mixed mode windows-amd64 compressed oops)
Heap
 PSYoungGen      total 437760K, used 59705K [0x00000007c1080000, 0x00000007de080000, 0x0000000800000000)
  eden space 400384K, 14% used [0x00000007c1080000,0x00000007c4ace538,0x00000007d9780000)
  from space 37376K, 0% used [0x00000007dbc00000,0x00000007dbc00000,0x00000007de080000)
  to   space 37376K, 0% used [0x00000007d9780000,0x00000007d9780000,0x00000007dbc00000)
 ParOldGen       total 119296K, used 51632K [0x0000000743200000, 0x000000074a680000, 0x00000007c1080000)
  object space 119296K, 43% used [0x0000000743200000,0x000000074646c0a0,0x000000074a680000)
 PSPermGen       total 83968K, used 49615K [0x000000073e000000, 0x0000000743200000, 0x0000000743200000)
  object space 83968K, 59% used [0x000000073e000000,0x0000000741073cd8,0x0000000743200000)
GC Heap History (10 events):
Event: 21.592 GC heap before
{Heap before GC invocations=15 (full 0):
 PSYoungGen      total 204800K, used 202483K [0x00000007c1080000, 0x00000007cf780000, 0x0000000800000000)
  eden space 179200K, 100% used [0x00000007c1080000,0x00000007cbf80000,0x00000007cbf80000)
  from space 25600K, 90% used [0x00000007cda80000,0x00000007cf13cca8,0x00000007cf380000)
  to   space 27648K, 0% used [0x00000007cbf80000,0x00000007cbf80000,0x00000007cda80000)
 ParOldGen       total 128512K, used 67293K [0x0000000743200000, 0x000000074af80000, 0x00000007c1080000)
  object space 128512K, 52% used [0x0000000743200000,0x00000007473b74d0,0x000000074af80000)
 PSPermGen       total 27136K, used 27103K [0x000000073e000000, 0x000000073fa80000, 0x0000000743200000)
  object space 27136K, 99% used [0x000000073e000000,0x000000073fa77d60,0x000000073fa80000)
Event: 21.926 GC heap after
Heap after GC invocations=15 (full 0):
 PSYoungGen      total 206848K, used 27622K [0x00000007c1080000, 0x00000007d7180000, 0x0000000800000000)
  eden space 179200K, 0% used [0x00000007c1080000,0x00000007c1080000,0x00000007cbf80000)
  from space 27648K, 99% used [0x00000007cbf80000,0x00000007cda79878,0x00000007cda80000)
  to   space 37376K, 0% used [0x00000007d4d00000,0x00000007d4d00000,0x00000007d7180000)
 ParOldGen       total 128512K, used 85527K [0x0000000743200000, 0x000000074af80000, 0x00000007c1080000)
  object space 128512K, 66% used [0x0000000743200000,0x0000000748585ec8,0x000000074af80000)
 PSPermGen       total 27136K, used 27103K [0x000000073e000000, 0x000000073fa80000, 0x0000000743200000)
  object space 27136K, 99% used [0x000000073e000000,0x000000073fa77d60,0x000000073fa80000)
}
Event: 24.791 GC heap before
{Heap before GC invocations=16 (full 0):
 PSYoungGen      total 206848K, used 206822K [0x00000007c1080000, 0x00000007d7180000, 0x0000000800000000)
  eden space 179200K, 100% used [0x00000007c1080000,0x00000007cbf80000,0x00000007cbf80000)
  from space 27648K, 99% used [0x00000007cbf80000,0x00000007cda79878,0x00000007cda80000)
  to   space 37376K, 0% used [0x00000007d4d00000,0x00000007d4d00000,0x00000007d7180000)
 ParOldGen       total 128512K, used 85527K [0x0000000743200000, 0x000000074af80000, 0x00000007c1080000)
  object space 128512K, 66% used [0x0000000743200000,0x0000000748585ec8,0x000000074af80000)
 PSPermGen       total 27136K, used 27119K [0x000000073e000000, 0x000000073fa80000, 0x0000000743200000)
  object space 27136K, 99% used [0x000000073e000000,0x000000073fa7bec8,0x000000073fa80000)
Event: 24.894 GC heap after
Heap after GC invocations=16 (full 0):
 PSYoungGen      total 323072K, used 25517K [0x00000007c1080000, 0x00000007d7380000, 0x0000000800000000)
  eden space 285696K, 0% used [0x00000007c1080000,0x00000007c1080000,0x00000007d2780000)
  from space 37376K, 68% used [0x00000007d4d00000,0x00000007d65eb670,0x00000007d7180000)
  to   space 38400K, 0% used [0x00000007d2780000,0x00000007d2780000,0x00000007d4d00000)
 ParOldGen       total 128512K, used 101204K [0x0000000743200000, 0x000000074af80000, 0x00000007c1080000)
  object space 128512K, 78% used [0x0000000743200000,0x00000007494d5300,0x000000074af80000)
 PSPermGen       total 27136K, used 27119K [0x000000073e000000, 0x000000073fa80000, 0x0000000743200000)
  object space 27136K, 99% used [0x000000073e000000,0x000000073fa7bec8,0x000000073fa80000)
}
Event: 30.467 GC heap before
{Heap before GC invocations=17 (full 0):
 PSYoungGen      total 323072K, used 311213K [0x00000007c1080000, 0x00000007d7380000, 0x0000000800000000)
  eden space 285696K, 100% used [0x00000007c1080000,0x00000007d2780000,0x00000007d2780000)
  from space 37376K, 68% used [0x00000007d4d00000,0x00000007d65eb670,0x00000007d7180000)
  to   space 38400K, 0% used [0x00000007d2780000,0x00000007d2780000,0x00000007d4d00000)
 ParOldGen       total 128512K, used 101204K [0x0000000743200000, 0x000000074af80000, 0x00000007c1080000)
  object space 128512K, 78% used [0x0000000743200000,0x00000007494d5300,0x000000074af80000)
 PSPermGen       total 40960K, used 40514K [0x000000073e000000, 0x0000000740800000, 0x0000000743200000)
  object space 40960K, 98% used [0x000000073e000000,0x00000007407908c0,0x0000000740800000)
Event: 30.496 GC heap after
Heap after GC invocations=17 (full 0):
 PSYoungGen      total 324096K, used 22848K [0x00000007c1080000, 0x00000007de080000, 0x0000000800000000)
  eden space 285696K, 0% used [0x00000007c1080000,0x00000007c1080000,0x00000007d2780000)
  from space 38400K, 59% used [0x00000007d2780000,0x00000007d3dd0038,0x00000007d4d00000)
  to   space 37376K, 0% used [0x00000007dbc00000,0x00000007dbc00000,0x00000007de080000)
 ParOldGen       total 128512K, used 109764K [0x0000000743200000, 0x000000074af80000, 0x00000007c1080000)
  object space 128512K, 85% used [0x0000000743200000,0x0000000749d31098,0x000000074af80000)
 PSPermGen       total 40960K, used 40514K [0x000000073e000000, 0x0000000740800000, 0x0000000743200000)
  object space 40960K, 98% used [0x000000073e000000,0x00000007407908c0,0x0000000740800000)
}
Event: 1799.342 GC heap before
{Heap before GC invocations=18 (full 0):
 PSYoungGen      total 324096K, used 308544K [0x00000007c1080000, 0x00000007de080000, 0x0000000800000000)
  eden space 285696K, 100% used [0x00000007c1080000,0x00000007d2780000,0x00000007d2780000)
  from space 38400K, 59% used [0x00000007d2780000,0x00000007d3dd0038,0x00000007d4d00000)
  to   space 37376K, 0% used [0x00000007dbc00000,0x00000007dbc00000,0x00000007de080000)
 ParOldGen       total 128512K, used 109764K [0x0000000743200000, 0x000000074af80000, 0x00000007c1080000)
  object space 128512K, 85% used [0x0000000743200000,0x0000000749d31098,0x000000074af80000)
 PSPermGen       total 49152K, used 48934K [0x000000073e000000, 0x0000000741000000, 0x0000000743200000)
  object space 49152K, 99% used [0x000000073e000000,0x0000000740fc9820,0x0000000741000000)
Event: 1799.553 GC heap after
Heap after GC invocations=18 (full 0):
 PSYoungGen      total 437760K, used 11315K [0x00000007c1080000, 0x00000007de080000, 0x0000000800000000)
  eden space 400384K, 0% used [0x00000007c1080000,0x00000007c1080000,0x00000007d9780000)
  from space 37376K, 30% used [0x00000007dbc00000,0x00000007dc70cc90,0x00000007de080000)
  to   space 37376K, 0% used [0x00000007d9780000,0x00000007d9780000,0x00000007dbc00000)
 ParOldGen       total 128512K, used 118964K [0x0000000743200000, 0x000000074af80000, 0x00000007c1080000)
  object space 128512K, 92% used [0x0000000743200000,0x000000074a62d148,0x000000074af80000)
 PSPermGen       total 49152K, used 48934K [0x000000073e000000, 0x0000000741000000, 0x0000000743200000)
  object space 49152K, 99% used [0x000000073e000000,0x0000000740fc9820,0x0000000741000000)
}
Event: 1799.553 GC heap before
{Heap before GC invocations=19 (full 1):
 PSYoungGen      total 437760K, used 11315K [0x00000007c1080000, 0x00000007de080000, 0x0000000800000000)
  eden space 400384K, 0% used [0x00000007c1080000,0x00000007c1080000,0x00000007d9780000)
  from space 37376K, 30% used [0x00000007dbc00000,0x00000007dc70cc90,0x00000007de080000)
  to   space 37376K, 0% used [0x00000007d9780000,0x00000007d9780000,0x00000007dbc00000)
 ParOldGen       total 128512K, used 118964K [0x0000000743200000, 0x000000074af80000, 0x00000007c1080000)
  object space 128512K, 92% used [0x0000000743200000,0x000000074a62d148,0x000000074af80000)
 PSPermGen       total 49152K, used 48934K [0x000000073e000000, 0x0000000741000000, 0x0000000743200000)
  object space 49152K, 99% used [0x000000073e000000,0x0000000740fc9820,0x0000000741000000)
Event: 1800.071 GC heap after
Heap after GC invocations=19 (full 1):
 PSYoungGen      total 437760K, used 0K [0x00000007c1080000, 0x00000007de080000, 0x0000000800000000)
  eden space 400384K, 0% used [0x00000007c1080000,0x00000007c1080000,0x00000007d9780000)
  from space 37376K, 0% used [0x00000007dbc00000,0x00000007dbc00000,0x00000007de080000)
  to   space 37376K, 0% used [0x00000007d9780000,0x00000007d9780000,0x00000007dbc00000)
 ParOldGen       total 119296K, used 51632K [0x0000000743200000, 0x000000074a680000, 0x00000007c1080000)
  object space 119296K, 43% used [0x0000000743200000,0x000000074646c0a0,0x000000074a680000)
 PSPermGen       total 83968K, used 48909K [0x000000073e000000, 0x0000000743200000, 0x0000000743200000)
  object space 83968K, 58% used [0x000000073e000000,0x0000000740fc3620,0x0000000743200000)
}

